<?xml version="1.0" encoding="UTF-8"?>
<testng-results skipped="0" failed="0" ignored="0" total="1" passed="1">
  <reporter-output>
  </reporter-output>
  <suite name="Default suite" duration-ms="30464" started-at="2020-10-02T16:14:23Z" finished-at="2020-10-02T16:14:54Z">
    <groups>
    </groups>
    <test name="Default test" duration-ms="30464" started-at="2020-10-02T16:14:23Z" finished-at="2020-10-02T16:14:54Z">
      <class name="AutomationLab.Naveen.BookStoreTest">
        <test-method status="PASS" signature="setup()[pri:0, instance:AutomationLab.Naveen.BookStoreTest@20e2cbe0]" name="setup" is-config="true" duration-ms="29498" started-at="2020-10-02T21:44:23Z" finished-at="2020-10-02T21:44:53Z">
          <reporter-output>
          </reporter-output>
        </test-method> <!-- setup -->
        <test-method status="PASS" signature="TitleTest()[pri:0, instance:AutomationLab.Naveen.BookStoreTest@20e2cbe0]" name="TitleTest" duration-ms="26" started-at="2020-10-02T21:44:53Z" finished-at="2020-10-02T21:44:53Z">
          <reporter-output>
          </reporter-output>
        </test-method> <!-- TitleTest -->
        <test-method status="PASS" signature="TearDown()[pri:0, instance:AutomationLab.Naveen.BookStoreTest@20e2cbe0]" name="TearDown" is-config="true" duration-ms="817" started-at="2020-10-02T21:44:53Z" finished-at="2020-10-02T21:44:54Z">
          <reporter-output>
          </reporter-output>
        </test-method> <!-- TearDown -->
      </class> <!-- AutomationLab.Naveen.BookStoreTest -->
    </test> <!-- Default test -->
  </suite> <!-- Default suite -->
</testng-results>
